<?xml version="1.0" encoding="UTF-8"?>
<!-- Generated by org.testng.reporters.JUnitReportReporter -->
<testsuite skipped="0" hostname="LAPTOP-2NV81HV3" name="testCases.BankManagerLogin" tests="1" failures="0" timestamp="14 Oct 2019 21:11:53 GMT" time="0.400" errors="0">
  <testcase name="loginAsBankManager" time="0.400" classname="testCases.BankManagerLogin"/>
</testsuite> <!-- testCases.BankManagerLogin -->
