<?xml version="1.0" encoding="UTF-8"?>
<!-- Generated by org.testng.reporters.JUnitReportReporter -->
<testsuite skipped="1" hostname="LAPTOP-2NV81HV3" name="testCases.AddCustomerTest" tests="1" failures="0" timestamp="14 Oct 2019 21:11:53 GMT" time="0.000" errors="0">
  <testcase name="addCustomer" time="0.000" classname="testCases.AddCustomerTest">
    <skipped/>
  </testcase> <!-- addCustomer -->
</testsuite> <!-- testCases.AddCustomerTest -->
