<?xml version="1.0" encoding="UTF-8"?>
<!-- Generated by org.testng.reporters.JUnitReportReporter -->
<testsuite skipped="1" hostname="LAPTOP-2NV81HV3" name="testCases.AddCustomerTest" tests="3" failures="0" timestamp="09 Nov 2019 06:16:59 GMT" time="1.246" errors="0">
  <testcase name="addCustomerTest" time="0.413" classname="testCases.AddCustomerTest"/>
  <testcase name="addCustomerTest" time="0.833" classname="testCases.AddCustomerTest"/>
  <testcase name="addCustomerTest" time="0.000" classname="testCases.AddCustomerTest">
    <skipped/>
  </testcase> <!-- addCustomerTest -->
</testsuite> <!-- testCases.AddCustomerTest -->
