<?xml version="1.0" encoding="UTF-8"?>
<!-- Generated by org.testng.reporters.JUnitReportReporter -->
<testsuite skipped="0" hostname="LAPTOP-2NV81HV3" name="testCases.BankManagerLoginTest" tests="1" failures="0" timestamp="08 Nov 2019 19:23:04 GMT" time="0.432" errors="0">
  <testcase name="bankManagerLoginTest" time="0.432" classname="testCases.BankManagerLoginTest"/>
</testsuite> <!-- testCases.BankManagerLoginTest -->
