<?xml version="1.0" encoding="UTF-8"?>
<!-- Generated by org.testng.reporters.JUnitReportReporter -->
<testsuite skipped="1" hostname="LAPTOP-2NV81HV3" name="testCases.OpenAccountTest" tests="3" failures="0" timestamp="08 Nov 2019 19:23:04 GMT" time="1.414" errors="0">
  <testcase name="openAccountTest" time="0.497" classname="testCases.OpenAccountTest"/>
  <testcase name="openAccountTest" time="0.916" classname="testCases.OpenAccountTest"/>
  <testcase name="openAccountTest" time="0.001" classname="testCases.OpenAccountTest">
    <skipped/>
  </testcase> <!-- openAccountTest -->
</testsuite> <!-- testCases.OpenAccountTest -->
