<?xml version="1.0" encoding="UTF-8"?>
<!-- Generated by org.testng.reporters.JUnitReportReporter -->
<testsuite skipped="1" hostname="LAPTOP-2NV81HV3" name="testCases.AddCustomerTest" tests="3" failures="0" timestamp="08 Nov 2019 19:23:04 GMT" time="1.949" errors="0">
  <testcase name="addCustomerTest" time="1.264" classname="testCases.AddCustomerTest"/>
  <testcase name="addCustomerTest" time="0.682" classname="testCases.AddCustomerTest"/>
  <testcase name="addCustomerTest" time="0.003" classname="testCases.AddCustomerTest">
    <skipped/>
  </testcase> <!-- addCustomerTest -->
</testsuite> <!-- testCases.AddCustomerTest -->
